Date: Fri Jul 15 05:41:27 UTC 2022
Date: Fri Jul 15 05:41:57 UTC 2022
Date: Fri Jul 15 06:20:37 UTC 2022
Date: Fri Jul 15 07:19:41 UTC 2022
Date: Fri Jul 15 08:20:39 UTC 2022
Date: Fri Jul 15 09:19:49 UTC 2022
Date: Fri Jul 15 10:20:26 UTC 2022
Date: Fri Jul 15 11:19:01 UTC 2022
Date: Fri Jul 15 12:21:58 UTC 2022
Date: Fri Jul 15 13:30:27 UTC 2022
Date: Fri Jul 15 14:20:35 UTC 2022
Date: Fri Jul 15 15:20:37 UTC 2022
Date: Fri Jul 15 16:21:20 UTC 2022
Date: Fri Jul 15 17:22:01 UTC 2022
Date: Fri Jul 15 18:20:22 UTC 2022
Date: Fri Jul 15 19:18:50 UTC 2022
Date: Fri Jul 15 20:20:11 UTC 2022
Date: Fri Jul 15 21:19:17 UTC 2022
Date: Fri Jul 15 22:19:30 UTC 2022
Date: Fri Jul 15 23:19:46 UTC 2022
Date: Sat Jul 16 00:29:54 UTC 2022
Date: Sat Jul 16 01:50:16 UTC 2022
Date: Sat Jul 16 02:53:06 UTC 2022
Date: Sat Jul 16 03:37:21 UTC 2022
Date: Sat Jul 16 04:21:42 UTC 2022
Date: Sat Jul 16 05:19:17 UTC 2022
Date: Sat Jul 16 06:20:15 UTC 2022
Date: Sat Jul 16 07:19:16 UTC 2022
Date: Sat Jul 16 08:20:13 UTC 2022
Date: Sat Jul 16 09:19:25 UTC 2022
Date: Sat Jul 16 10:19:44 UTC 2022
Date: Sat Jul 16 11:19:06 UTC 2022
Date: Sat Jul 16 12:21:05 UTC 2022
Date: Sat Jul 16 13:21:09 UTC 2022
Date: Sat Jul 16 14:19:09 UTC 2022
Date: Sat Jul 16 15:19:33 UTC 2022
Date: Sat Jul 16 16:20:24 UTC 2022
Date: Sat Jul 16 17:19:20 UTC 2022
Date: Sat Jul 16 18:20:11 UTC 2022
Date: Sat Jul 16 19:18:36 UTC 2022
Date: Sat Jul 16 20:19:40 UTC 2022
Date: Sat Jul 16 21:19:00 UTC 2022
Date: Sat Jul 16 22:19:31 UTC 2022
Date: Sat Jul 16 23:19:26 UTC 2022
Date: Sun Jul 17 00:29:07 UTC 2022
Date: Sun Jul 17 01:50:25 UTC 2022
Date: Sun Jul 17 03:01:25 UTC 2022
Date: Sun Jul 17 03:46:00 UTC 2022
Date: Sun Jul 17 04:22:35 UTC 2022
Date: Sun Jul 17 05:19:44 UTC 2022
Date: Sun Jul 17 06:20:15 UTC 2022
Date: Sun Jul 17 07:19:19 UTC 2022
Date: Sun Jul 17 08:20:09 UTC 2022
Date: Sun Jul 17 09:19:25 UTC 2022
Date: Sun Jul 17 10:19:48 UTC 2022
Date: Sun Jul 17 11:18:47 UTC 2022
Date: Sun Jul 17 12:21:23 UTC 2022
Date: Sun Jul 17 13:21:25 UTC 2022
Date: Sun Jul 17 14:19:12 UTC 2022
Date: Sun Jul 17 15:19:35 UTC 2022
Date: Sun Jul 17 16:20:31 UTC 2022
Date: Sun Jul 17 17:19:29 UTC 2022
Date: Sun Jul 17 18:20:09 UTC 2022
Date: Sun Jul 17 19:18:48 UTC 2022
Date: Sun Jul 17 20:19:42 UTC 2022
Date: Sun Jul 17 21:19:10 UTC 2022
Date: Sun Jul 17 22:19:32 UTC 2022
Date: Sun Jul 17 23:19:27 UTC 2022
Date: Mon Jul 18 00:27:38 UTC 2022
Date: Mon Jul 18 01:50:47 UTC 2022
Date: Mon Jul 18 02:58:04 UTC 2022
Date: Mon Jul 18 03:49:09 UTC 2022
Date: Mon Jul 18 04:32:07 UTC 2022
Date: Mon Jul 18 05:22:32 UTC 2022
Date: Mon Jul 18 06:20:44 UTC 2022
Date: Mon Jul 18 07:21:58 UTC 2022
Date: Mon Jul 18 08:20:56 UTC 2022
Date: Mon Jul 18 09:19:44 UTC 2022
Date: Mon Jul 18 10:25:22 UTC 2022
Date: Mon Jul 18 11:19:18 UTC 2022
Date: Mon Jul 18 12:21:33 UTC 2022
Date: Mon Jul 18 13:38:22 UTC 2022
Date: Mon Jul 18 14:26:03 UTC 2022
Date: Mon Jul 18 15:21:24 UTC 2022
Date: Mon Jul 18 16:20:59 UTC 2022
Date: Mon Jul 18 17:21:07 UTC 2022
Date: Mon Jul 18 18:20:16 UTC 2022
Date: Mon Jul 18 19:18:48 UTC 2022
Date: Mon Jul 18 20:19:50 UTC 2022
Date: Mon Jul 18 21:19:14 UTC 2022
Date: Mon Jul 18 22:19:45 UTC 2022
Date: Mon Jul 18 23:19:35 UTC 2022
Date: Tue Jul 19 00:32:27 UTC 2022
Date: Tue Jul 19 01:51:22 UTC 2022
Date: Tue Jul 19 03:05:17 UTC 2022
Date: Tue Jul 19 03:52:04 UTC 2022
Date: Tue Jul 19 04:44:54 UTC 2022
Date: Tue Jul 19 05:33:33 UTC 2022
Date: Tue Jul 19 06:20:27 UTC 2022
Date: Tue Jul 19 07:19:32 UTC 2022
Date: Tue Jul 19 08:20:30 UTC 2022
Date: Tue Jul 19 09:20:03 UTC 2022
Date: Tue Jul 19 10:20:34 UTC 2022
Date: Tue Jul 19 11:19:14 UTC 2022
Date: Tue Jul 19 12:21:52 UTC 2022
Date: Tue Jul 19 13:27:23 UTC 2022
Date: Tue Jul 19 14:24:16 UTC 2022
Date: Tue Jul 19 15:20:38 UTC 2022
Date: Tue Jul 19 16:20:59 UTC 2022
Date: Tue Jul 19 17:21:45 UTC 2022
Date: Tue Jul 19 18:20:38 UTC 2022
Date: Tue Jul 19 19:18:43 UTC 2022
Date: Tue Jul 19 20:19:58 UTC 2022
Date: Tue Jul 19 21:19:29 UTC 2022
Date: Tue Jul 19 22:19:43 UTC 2022
Date: Tue Jul 19 23:19:43 UTC 2022
Date: Wed Jul 20 00:24:09 UTC 2022
Date: Wed Jul 20 01:50:20 UTC 2022
Date: Wed Jul 20 02:58:43 UTC 2022
Date: Wed Jul 20 03:47:10 UTC 2022
Date: Wed Jul 20 04:25:20 UTC 2022
Date: Wed Jul 20 05:20:58 UTC 2022
Date: Wed Jul 20 06:20:40 UTC 2022
Date: Wed Jul 20 07:19:39 UTC 2022
Date: Wed Jul 20 08:21:07 UTC 2022
Date: Wed Jul 20 09:19:48 UTC 2022
Date: Wed Jul 20 10:20:38 UTC 2022
Date: Wed Jul 20 11:19:02 UTC 2022
Date: Wed Jul 20 12:21:41 UTC 2022
Date: Wed Jul 20 13:26:53 UTC 2022
Date: Wed Jul 20 14:19:41 UTC 2022
Date: Wed Jul 20 15:20:08 UTC 2022
Date: Wed Jul 20 16:20:59 UTC 2022
Date: Wed Jul 20 17:21:17 UTC 2022
Date: Wed Jul 20 18:20:26 UTC 2022
Date: Wed Jul 20 19:18:55 UTC 2022
Date: Wed Jul 20 20:20:09 UTC 2022
Date: Wed Jul 20 21:19:04 UTC 2022
Date: Wed Jul 20 22:19:51 UTC 2022
Date: Wed Jul 20 23:19:58 UTC 2022
Date: Thu Jul 21 00:29:28 UTC 2022
Date: Thu Jul 21 01:27:11 UTC 2022
Date: Thu Jul 21 01:46:58 UTC 2022
Date: Thu Jul 21 02:04:58 UTC 2022
Date: Thu Jul 21 02:25:50 UTC 2022
